[debug] [2021-09-03T04:40:05.584Z] ----------------------------------------------------------------------
[debug] [2021-09-03T04:40:05.586Z] Command:       C:\Program Files\nodejs\node.exe C:\Users\ys2li\AppData\Roaming\npm\node_modules\firebase-tools\lib\bin\firebase.js init
[debug] [2021-09-03T04:40:05.586Z] CLI Version:   9.17.0
[debug] [2021-09-03T04:40:05.587Z] Platform:      win32
[debug] [2021-09-03T04:40:05.587Z] Node Version:  v14.17.5
[debug] [2021-09-03T04:40:05.588Z] Time:          Fri Sep 03 2021 13:40:05 GMT+0900 (대한민국 표준시)
[debug] [2021-09-03T04:40:05.588Z] ----------------------------------------------------------------------
[debug] 
[debug] [2021-09-03T04:40:05.634Z] > command requires scopes: ["email","openid","https://www.googleapis.com/auth/cloudplatformprojects.readonly","https://www.googleapis.com/auth/firebase","https://www.googleapis.com/auth/cloud-platform"]
[debug] [2021-09-03T04:40:05.634Z] > authorizing via signed-in user (ys2life1@gmail.com)
[info] 
     ######## #### ########  ######## ########     ###     ######  ########
     ##        ##  ##     ## ##       ##     ##  ##   ##  ##       ##
     ######    ##  ########  ######   ########  #########  ######  ######
     ##        ##  ##    ##  ##       ##     ## ##     ##       ## ##
     ##       #### ##     ## ######## ########  ##     ##  ######  ########

You're about to initialize a Firebase project in this directory:

  C:\Users\ys2li\Desktop\smartbell

Before we get started, keep in mind:

  * You are initializing within an existing Firebase project directory

[info] 
=== Project Setup
[info] 
[info] First, let's associate this project directory with a Firebase project.
[info] You can create multiple project aliases by running firebase use --add, 
[info] but for now we'll just set up a default project.
[info] 
[info] i  .firebaserc already has a default project, using smartalert-353fe. 
[debug] [2021-09-03T04:40:20.929Z] >>> [apiv2][query] GET https://firebase.googleapis.com/v1beta1/projects/smartalert-353fe [none]
[debug] [2021-09-03T04:40:21.472Z] <<< [apiv2][status] GET https://firebase.googleapis.com/v1beta1/projects/smartalert-353fe 403
[debug] [2021-09-03T04:40:21.472Z] <<< [apiv2][body] GET https://firebase.googleapis.com/v1beta1/projects/smartalert-353fe {"error":{"code":403,"message":"The caller does not have permission","status":"PERMISSION_DENIED"}}
[debug] [2021-09-03T04:40:21.472Z] HTTP Error: 403, The caller does not have permission
[debug] [2021-09-03T04:40:21.473Z] FirebaseError: HTTP Error: 403, The caller does not have permission
    at module.exports (C:\Users\ys2li\AppData\Roaming\npm\node_modules\firebase-tools\lib\responseToError.js:38:12)
    at Client.doRequest (C:\Users\ys2li\AppData\Roaming\npm\node_modules\firebase-tools\lib\apiv2.js:238:23)
    at processTicksAndRejections (internal/process/task_queues.js:95:5)
    at async Client.request (C:\Users\ys2li\AppData\Roaming\npm\node_modules\firebase-tools\lib\apiv2.js:96:20)
    at async Object.getFirebaseProject (C:\Users\ys2li\AppData\Roaming\npm\node_modules\firebase-tools\lib\management\projects.js:290:21)
    at async Object.doSetup [as project] (C:\Users\ys2li\AppData\Roaming\npm\node_modules\firebase-tools\lib\init\features\project.js:77:27)
    at async init (C:\Users\ys2li\AppData\Roaming\npm\node_modules\firebase-tools\lib\init\index.js:19:9)
[error] 
[error] Error: Failed to get Firebase project smartalert-353fe. Please make sure the project exists and your account has permission to access it.
